[ERROR] 2018-02-18 17:58:23.377 [main] Database - com.mysql.jdbc.exceptions.jdbc4.MySQLSyntaxErrorException: Can't DROP 'user_id___fk'; check that column/key exists
[ERROR] 2018-02-18 17:58:23.530 [main] Database - com.mysql.jdbc.exceptions.jdbc4.MySQLSyntaxErrorException: Can't DROP 'user_id___fk'; check that column/key exists
[DEBUG] 2018-02-18 17:58:23.531 [main] UserDAO - Searching for user with firstName = Alex
[ERROR] 2018-02-18 17:58:23.670 [main] Database - com.mysql.jdbc.exceptions.jdbc4.MySQLSyntaxErrorException: Can't DROP 'user_id___fk'; check that column/key exists
[DEBUG] 2018-02-18 17:58:23.673 [main] UserDAO - Searching for user with firstName = Alex
[ERROR] 2018-02-18 17:58:23.688 [main] Database - com.mysql.jdbc.exceptions.jdbc4.MySQLSyntaxErrorException: Can't DROP 'user_id___fk'; check that column/key exists
[ERROR] 2018-02-18 17:58:23.703 [main] Database - com.mysql.jdbc.exceptions.jdbc4.MySQLSyntaxErrorException: Can't DROP 'user_id___fk'; check that column/key exists
[ERROR] 2018-02-18 17:58:23.719 [main] Database - com.mysql.jdbc.exceptions.jdbc4.MySQLSyntaxErrorException: Can't DROP 'user_id___fk'; check that column/key exists
[ERROR] 2018-02-18 17:58:23.742 [main] Database - com.mysql.jdbc.exceptions.jdbc4.MySQLSyntaxErrorException: Can't DROP 'user_id___fk'; check that column/key exists
[ERROR] 2018-02-18 17:59:10.526 [main] Database - com.mysql.jdbc.exceptions.jdbc4.MySQLSyntaxErrorException: Can't DROP 'user_id___fk'; check that column/key exists
[ERROR] 2018-02-18 17:59:10.673 [main] Database - com.mysql.jdbc.exceptions.jdbc4.MySQLSyntaxErrorException: Can't DROP 'user_id___fk'; check that column/key exists
[DEBUG] 2018-02-18 17:59:10.674 [main] UserDAO - Searching for user with firstName = Alex
[ERROR] 2018-02-18 17:59:10.866 [main] Database - com.mysql.jdbc.exceptions.jdbc4.MySQLSyntaxErrorException: Can't DROP 'user_id___fk'; check that column/key exists
[DEBUG] 2018-02-18 17:59:10.867 [main] UserDAO - Searching for user with firstName = Alex
[ERROR] 2018-02-18 17:59:10.884 [main] Database - com.mysql.jdbc.exceptions.jdbc4.MySQLSyntaxErrorException: Can't DROP 'user_id___fk'; check that column/key exists
[ERROR] 2018-02-18 17:59:10.898 [main] Database - com.mysql.jdbc.exceptions.jdbc4.MySQLSyntaxErrorException: Can't DROP 'user_id___fk'; check that column/key exists
[ERROR] 2018-02-18 17:59:10.918 [main] Database - com.mysql.jdbc.exceptions.jdbc4.MySQLSyntaxErrorException: Can't DROP 'user_id___fk'; check that column/key exists
[ERROR] 2018-02-18 17:59:10.937 [main] Database - com.mysql.jdbc.exceptions.jdbc4.MySQLSyntaxErrorException: Can't DROP 'user_id___fk'; check that column/key exists
[ERROR] 2018-02-18 18:05:01.789 [main] Database - com.mysql.jdbc.exceptions.jdbc4.MySQLSyntaxErrorException: Can't DROP 'user_id___fk'; check that column/key exists
[ERROR] 2018-02-18 18:05:01.948 [main] Database - com.mysql.jdbc.exceptions.jdbc4.MySQLSyntaxErrorException: Can't DROP 'user_id___fk'; check that column/key exists
[DEBUG] 2018-02-18 18:05:01.949 [main] UserDAO - Searching for user with firstName = Alex
[ERROR] 2018-02-18 18:05:02.130 [main] Database - com.mysql.jdbc.exceptions.jdbc4.MySQLSyntaxErrorException: Can't DROP 'user_id___fk'; check that column/key exists
[DEBUG] 2018-02-18 18:05:02.131 [main] UserDAO - Searching for user with firstName = Alex
[ERROR] 2018-02-18 18:05:02.148 [main] Database - com.mysql.jdbc.exceptions.jdbc4.MySQLSyntaxErrorException: Can't DROP 'user_id___fk'; check that column/key exists
[ERROR] 2018-02-18 18:05:02.161 [main] Database - com.mysql.jdbc.exceptions.jdbc4.MySQLSyntaxErrorException: Can't DROP 'user_id___fk'; check that column/key exists
[ERROR] 2018-02-18 18:05:02.178 [main] Database - com.mysql.jdbc.exceptions.jdbc4.MySQLSyntaxErrorException: Can't DROP 'user_id___fk'; check that column/key exists
[ERROR] 2018-02-18 18:05:02.196 [main] Database - com.mysql.jdbc.exceptions.jdbc4.MySQLSyntaxErrorException: Can't DROP 'user_id___fk'; check that column/key exists
[ERROR] 2018-02-18 18:07:35.747 [main] Database - com.mysql.jdbc.exceptions.jdbc4.MySQLSyntaxErrorException: Can't DROP 'user_id___fk'; check that column/key exists
[DEBUG] 2018-02-18 18:07:35.813 [main] UserDAO - Searching for user with firstName = Alex
[ERROR] 2018-02-18 18:07:35.979 [main] Database - com.mysql.jdbc.exceptions.jdbc4.MySQLSyntaxErrorException: Can't DROP 'user_id___fk'; check that column/key exists
[DEBUG] 2018-02-18 18:07:35.980 [main] UserDAO - Searching for user with firstName = Alex
[ERROR] 2018-02-18 18:07:35.996 [main] Database - com.mysql.jdbc.exceptions.jdbc4.MySQLSyntaxErrorException: Can't DROP 'user_id___fk'; check that column/key exists
[ERROR] 2018-02-18 18:07:36.021 [main] Database - com.mysql.jdbc.exceptions.jdbc4.MySQLSyntaxErrorException: Can't DROP 'user_id___fk'; check that column/key exists
[ERROR] 2018-02-18 18:07:36.037 [main] Database - com.mysql.jdbc.exceptions.jdbc4.MySQLSyntaxErrorException: Can't DROP 'user_id___fk'; check that column/key exists
[ERROR] 2018-02-18 18:07:36.068 [main] Database - com.mysql.jdbc.exceptions.jdbc4.MySQLSyntaxErrorException: Can't DROP 'user_id___fk'; check that column/key exists
[ERROR] 2018-02-18 18:10:06.258 [main] Database - com.mysql.jdbc.exceptions.jdbc4.MySQLSyntaxErrorException: Can't DROP 'user_id___fk'; check that column/key exists
[DEBUG] 2018-02-18 18:10:06.329 [main] UserDAO - Searching for user with firstName = Alex
[ERROR] 2018-02-18 18:10:06.489 [main] Database - com.mysql.jdbc.exceptions.jdbc4.MySQLSyntaxErrorException: Can't DROP 'user_id___fk'; check that column/key exists
[DEBUG] 2018-02-18 18:10:06.490 [main] UserDAO - Searching for user with firstName = Alex
[ERROR] 2018-02-18 18:10:06.504 [main] Database - com.mysql.jdbc.exceptions.jdbc4.MySQLSyntaxErrorException: Can't DROP 'user_id___fk'; check that column/key exists
[ERROR] 2018-02-18 18:10:06.521 [main] Database - com.mysql.jdbc.exceptions.jdbc4.MySQLSyntaxErrorException: Can't DROP 'user_id___fk'; check that column/key exists
[ERROR] 2018-02-18 18:10:06.537 [main] Database - com.mysql.jdbc.exceptions.jdbc4.MySQLSyntaxErrorException: Can't DROP 'user_id___fk'; check that column/key exists
[ERROR] 2018-02-18 18:10:06.602 [main] Database - com.mysql.jdbc.exceptions.jdbc4.MySQLSyntaxErrorException: Can't DROP 'user_id___fk'; check that column/key exists
[ERROR] 2018-02-18 18:21:35.042 [main] Database - com.mysql.jdbc.exceptions.jdbc4.MySQLSyntaxErrorException: Can't DROP 'user_id___fk'; check that column/key exists
[ERROR] 2018-02-18 18:22:04.064 [main] Database - com.mysql.jdbc.exceptions.jdbc4.MySQLSyntaxErrorException: Can't DROP 'user_id___fk'; check that column/key exists
[ERROR] 2018-02-18 18:22:04.208 [main] Database - com.mysql.jdbc.exceptions.jdbc4.MySQLSyntaxErrorException: Can't DROP 'user_id___fk'; check that column/key exists
[DEBUG] 2018-02-18 18:22:04.209 [main] UserDAO - Searching for user with firstName = Alex
[ERROR] 2018-02-18 18:22:04.347 [main] Database - com.mysql.jdbc.exceptions.jdbc4.MySQLSyntaxErrorException: Can't DROP 'user_id___fk'; check that column/key exists
[DEBUG] 2018-02-18 18:22:04.347 [main] UserDAO - Searching for user with firstName = Alex
[ERROR] 2018-02-18 18:22:04.364 [main] Database - com.mysql.jdbc.exceptions.jdbc4.MySQLSyntaxErrorException: Can't DROP 'user_id___fk'; check that column/key exists
[ERROR] 2018-02-18 18:22:04.379 [main] Database - com.mysql.jdbc.exceptions.jdbc4.MySQLSyntaxErrorException: Can't DROP 'user_id___fk'; check that column/key exists
[ERROR] 2018-02-18 18:22:04.399 [main] Database - com.mysql.jdbc.exceptions.jdbc4.MySQLSyntaxErrorException: Can't DROP 'user_id___fk'; check that column/key exists
[ERROR] 2018-02-18 18:22:04.421 [main] Database - com.mysql.jdbc.exceptions.jdbc4.MySQLSyntaxErrorException: Can't DROP 'user_id___fk'; check that column/key exists
[ERROR] 2018-02-18 18:23:01.203 [main] Database - com.mysql.jdbc.exceptions.jdbc4.MySQLSyntaxErrorException: Can't DROP 'user_id___fk'; check that column/key exists
[ERROR] 2018-02-18 18:23:12.225 [main] Database - com.mysql.jdbc.exceptions.jdbc4.MySQLSyntaxErrorException: Can't DROP 'user_id___fk'; check that column/key exists
[ERROR] 2018-02-18 18:23:21.041 [main] Database - com.mysql.jdbc.exceptions.jdbc4.MySQLSyntaxErrorException: Can't DROP 'user_id___fk'; check that column/key exists
[ERROR] 2018-02-18 18:23:21.220 [main] Database - com.mysql.jdbc.exceptions.jdbc4.MySQLSyntaxErrorException: Can't DROP 'user_id___fk'; check that column/key exists
[DEBUG] 2018-02-18 18:23:21.221 [main] UserDAO - Searching for user with firstName = Alex
[ERROR] 2018-02-18 18:23:21.383 [main] Database - com.mysql.jdbc.exceptions.jdbc4.MySQLSyntaxErrorException: Can't DROP 'user_id___fk'; check that column/key exists
[DEBUG] 2018-02-18 18:23:21.384 [main] UserDAO - Searching for user with firstName = Alex
[ERROR] 2018-02-18 18:23:21.402 [main] Database - com.mysql.jdbc.exceptions.jdbc4.MySQLSyntaxErrorException: Can't DROP 'user_id___fk'; check that column/key exists
[ERROR] 2018-02-18 18:23:21.415 [main] Database - com.mysql.jdbc.exceptions.jdbc4.MySQLSyntaxErrorException: Can't DROP 'user_id___fk'; check that column/key exists
[ERROR] 2018-02-18 18:23:21.435 [main] Database - com.mysql.jdbc.exceptions.jdbc4.MySQLSyntaxErrorException: Can't DROP 'user_id___fk'; check that column/key exists
[ERROR] 2018-02-18 18:23:21.456 [main] Database - com.mysql.jdbc.exceptions.jdbc4.MySQLSyntaxErrorException: Can't DROP 'user_id___fk'; check that column/key exists
[ERROR] 2018-02-18 19:14:19.504 [main] Database - com.mysql.jdbc.exceptions.jdbc4.MySQLSyntaxErrorException: Can't DROP 'user_id___fk'; check that column/key exists
[ERROR] 2018-02-18 19:15:18.484 [main] Database - com.mysql.jdbc.exceptions.jdbc4.MySQLSyntaxErrorException: Can't DROP 'user_id___fk'; check that column/key exists
[ERROR] 2018-02-18 19:15:28.098 [main] Database - com.mysql.jdbc.exceptions.jdbc4.MySQLSyntaxErrorException: Can't DROP 'user_id___fk'; check that column/key exists
[ERROR] 2018-02-18 19:15:50.599 [main] Database - com.mysql.jdbc.exceptions.jdbc4.MySQLSyntaxErrorException: Can't DROP 'user_id___fk'; check that column/key exists
[ERROR] 2018-02-18 19:15:50.753 [main] Database - com.mysql.jdbc.exceptions.jdbc4.MySQLSyntaxErrorException: Can't DROP 'user_id___fk'; check that column/key exists
[ERROR] 2018-02-18 19:21:16.244 [main] Database - com.mysql.jdbc.exceptions.jdbc4.MySQLSyntaxErrorException: Can't DROP 'user_id___fk'; check that column/key exists
[DEBUG] 2018-02-18 19:21:16.302 [main] UserDAO - Searching for user with firstName = Alex
[ERROR] 2018-02-18 19:21:16.519 [main] Database - com.mysql.jdbc.exceptions.jdbc4.MySQLSyntaxErrorException: Can't DROP 'user_id___fk'; check that column/key exists
[DEBUG] 2018-02-18 19:21:16.520 [main] UserDAO - Searching for user with firstName = Alex
[ERROR] 2018-02-18 19:21:16.537 [main] Database - com.mysql.jdbc.exceptions.jdbc4.MySQLSyntaxErrorException: Can't DROP 'user_id___fk'; check that column/key exists
[ERROR] 2018-02-18 19:21:16.553 [main] Database - com.mysql.jdbc.exceptions.jdbc4.MySQLSyntaxErrorException: Can't DROP 'user_id___fk'; check that column/key exists
[ERROR] 2018-02-18 19:21:16.570 [main] Database - com.mysql.jdbc.exceptions.jdbc4.MySQLSyntaxErrorException: Can't DROP 'user_id___fk'; check that column/key exists
[ERROR] 2018-02-18 19:21:16.608 [main] Database - com.mysql.jdbc.exceptions.jdbc4.MySQLSyntaxErrorException: Can't DROP 'user_id___fk'; check that column/key exists
[ERROR] 2018-02-18 19:21:16.637 [main] Database - com.mysql.jdbc.exceptions.jdbc4.MySQLSyntaxErrorException: Can't DROP 'user_id___fk'; check that column/key exists
[ERROR] 2018-02-18 19:22:59.599 [main] Database - com.mysql.jdbc.exceptions.jdbc4.MySQLSyntaxErrorException: Can't DROP 'user_id___fk'; check that column/key exists
[DEBUG] 2018-02-18 19:22:59.709 [main] UserDAO - Searching for user with firstName = Alex
[ERROR] 2018-02-18 19:23:00.072 [main] Database - com.mysql.jdbc.exceptions.jdbc4.MySQLSyntaxErrorException: Can't DROP 'user_id___fk'; check that column/key exists
[DEBUG] 2018-02-18 19:23:00.072 [main] UserDAO - Searching for user with firstName = Alex
[ERROR] 2018-02-18 19:23:00.090 [main] Database - com.mysql.jdbc.exceptions.jdbc4.MySQLSyntaxErrorException: Can't DROP 'user_id___fk'; check that column/key exists
[ERROR] 2018-02-18 19:23:00.105 [main] Database - com.mysql.jdbc.exceptions.jdbc4.MySQLSyntaxErrorException: Can't DROP 'user_id___fk'; check that column/key exists
[ERROR] 2018-02-18 19:23:00.124 [main] Database - com.mysql.jdbc.exceptions.jdbc4.MySQLSyntaxErrorException: Can't DROP 'user_id___fk'; check that column/key exists
[ERROR] 2018-02-18 19:23:00.168 [main] Database - com.mysql.jdbc.exceptions.jdbc4.MySQLSyntaxErrorException: Can't DROP 'user_id___fk'; check that column/key exists
[ERROR] 2018-02-18 19:23:00.192 [main] Database - com.mysql.jdbc.exceptions.jdbc4.MySQLSyntaxErrorException: Can't DROP 'user_id___fk'; check that column/key exists
[ERROR] 2018-02-18 19:23:01.149 [main] Database - com.mysql.jdbc.exceptions.jdbc4.MySQLSyntaxErrorException: Can't DROP 'user_id___fk'; check that column/key exists
[DEBUG] 2018-02-18 19:23:01.214 [main] UserDAO - Searching for user with firstName = Alex
[ERROR] 2018-02-18 19:23:01.449 [main] Database - com.mysql.jdbc.exceptions.jdbc4.MySQLSyntaxErrorException: Can't DROP 'user_id___fk'; check that column/key exists
[DEBUG] 2018-02-18 19:23:01.449 [main] UserDAO - Searching for user with firstName = Alex
[ERROR] 2018-02-18 19:23:01.465 [main] Database - com.mysql.jdbc.exceptions.jdbc4.MySQLSyntaxErrorException: Can't DROP 'user_id___fk'; check that column/key exists
[ERROR] 2018-02-18 19:23:01.489 [main] Database - com.mysql.jdbc.exceptions.jdbc4.MySQLSyntaxErrorException: Can't DROP 'user_id___fk'; check that column/key exists
[ERROR] 2018-02-18 19:23:01.545 [main] Database - com.mysql.jdbc.exceptions.jdbc4.MySQLSyntaxErrorException: Can't DROP 'user_id___fk'; check that column/key exists
[ERROR] 2018-02-18 19:23:01.596 [main] Database - com.mysql.jdbc.exceptions.jdbc4.MySQLSyntaxErrorException: Can't DROP 'user_id___fk'; check that column/key exists
[ERROR] 2018-02-18 19:23:01.632 [main] Database - com.mysql.jdbc.exceptions.jdbc4.MySQLSyntaxErrorException: Can't DROP 'user_id___fk'; check that column/key exists
[ERROR] 2018-02-18 19:24:54.672 [main] Database - com.mysql.jdbc.exceptions.jdbc4.MySQLSyntaxErrorException: Can't DROP 'user_id___fk'; check that column/key exists
[DEBUG] 2018-02-18 19:24:54.733 [main] UserDAO - Searching for user with firstName = Alex
[ERROR] 2018-02-18 19:24:54.954 [main] Database - com.mysql.jdbc.exceptions.jdbc4.MySQLSyntaxErrorException: Can't DROP 'user_id___fk'; check that column/key exists
[DEBUG] 2018-02-18 19:24:54.954 [main] UserDAO - Searching for user with firstName = Alex
[ERROR] 2018-02-18 19:24:54.974 [main] Database - com.mysql.jdbc.exceptions.jdbc4.MySQLSyntaxErrorException: Can't DROP 'user_id___fk'; check that column/key exists
[ERROR] 2018-02-18 19:24:54.989 [main] Database - com.mysql.jdbc.exceptions.jdbc4.MySQLSyntaxErrorException: Can't DROP 'user_id___fk'; check that column/key exists
[ERROR] 2018-02-18 19:24:55.007 [main] Database - com.mysql.jdbc.exceptions.jdbc4.MySQLSyntaxErrorException: Can't DROP 'user_id___fk'; check that column/key exists
[ERROR] 2018-02-18 19:24:55.041 [main] Database - com.mysql.jdbc.exceptions.jdbc4.MySQLSyntaxErrorException: Can't DROP 'user_id___fk'; check that column/key exists
[ERROR] 2018-02-18 19:24:55.060 [main] Database - com.mysql.jdbc.exceptions.jdbc4.MySQLSyntaxErrorException: Can't DROP 'user_id___fk'; check that column/key exists
[ERROR] 2018-02-18 19:25:53.378 [main] Database - com.mysql.jdbc.exceptions.jdbc4.MySQLSyntaxErrorException: Can't DROP 'user_id___fk'; check that column/key exists
[DEBUG] 2018-02-18 19:25:53.442 [main] UserDAO - Searching for user with firstName = Alex
[ERROR] 2018-02-18 19:25:53.665 [main] Database - com.mysql.jdbc.exceptions.jdbc4.MySQLSyntaxErrorException: Can't DROP 'user_id___fk'; check that column/key exists
[DEBUG] 2018-02-18 19:25:53.666 [main] UserDAO - Searching for user with firstName = Alex
[ERROR] 2018-02-18 19:25:53.685 [main] Database - com.mysql.jdbc.exceptions.jdbc4.MySQLSyntaxErrorException: Can't DROP 'user_id___fk'; check that column/key exists
[ERROR] 2018-02-18 19:25:53.700 [main] Database - com.mysql.jdbc.exceptions.jdbc4.MySQLSyntaxErrorException: Can't DROP 'user_id___fk'; check that column/key exists
[ERROR] 2018-02-18 19:25:53.718 [main] Database - com.mysql.jdbc.exceptions.jdbc4.MySQLSyntaxErrorException: Can't DROP 'user_id___fk'; check that column/key exists
[ERROR] 2018-02-18 19:25:53.751 [main] Database - com.mysql.jdbc.exceptions.jdbc4.MySQLSyntaxErrorException: Can't DROP 'user_id___fk'; check that column/key exists
[ERROR] 2018-02-19 18:51:42.827 [main] Database - com.mysql.jdbc.exceptions.jdbc4.MySQLSyntaxErrorException: Can't DROP 'user_id___fk'; check that column/key exists
[DEBUG] 2018-02-19 18:51:42.888 [main] UserDAO - Searching for user with firstName = Alex
[ERROR] 2018-02-19 18:51:43.132 [main] Database - com.mysql.jdbc.exceptions.jdbc4.MySQLSyntaxErrorException: Can't DROP 'user_id___fk'; check that column/key exists
[DEBUG] 2018-02-19 18:51:43.133 [main] UserDAO - Searching for user with firstName = Alex
[ERROR] 2018-02-19 18:51:43.151 [main] Database - com.mysql.jdbc.exceptions.jdbc4.MySQLSyntaxErrorException: Can't DROP 'user_id___fk'; check that column/key exists
[ERROR] 2018-02-19 18:51:43.171 [main] Database - com.mysql.jdbc.exceptions.jdbc4.MySQLSyntaxErrorException: Can't DROP 'user_id___fk'; check that column/key exists
[ERROR] 2018-02-19 18:51:43.191 [main] Database - com.mysql.jdbc.exceptions.jdbc4.MySQLSyntaxErrorException: Can't DROP 'user_id___fk'; check that column/key exists
[ERROR] 2018-02-19 18:51:43.229 [main] Database - com.mysql.jdbc.exceptions.jdbc4.MySQLSyntaxErrorException: Can't DROP 'user_id___fk'; check that column/key exists
[ERROR] 2018-02-19 18:59:12.768 [main] Database - com.mysql.jdbc.exceptions.jdbc4.MySQLSyntaxErrorException: Can't DROP 'user_id___fk'; check that column/key exists
[ERROR] 2018-02-19 19:01:59.076 [main] Database - com.mysql.jdbc.exceptions.jdbc4.MySQLSyntaxErrorException: Can't DROP 'user_id___fk'; check that column/key exists
[ERROR] 2018-02-19 19:32:03.737 [main] Database - com.mysql.jdbc.exceptions.jdbc4.MySQLSyntaxErrorException: Can't DROP 'user_id___fk'; check that column/key exists
[ERROR] 2018-02-19 19:39:33.210 [main] Database - com.mysql.jdbc.exceptions.jdbc4.MySQLSyntaxErrorException: Can't DROP 'user_id___fk'; check that column/key exists
[ERROR] 2018-02-19 19:41:14.245 [main] Database - com.mysql.jdbc.exceptions.jdbc4.MySQLSyntaxErrorException: Can't DROP 'user_id___fk'; check that column/key exists
[ERROR] 2018-02-19 19:43:08.491 [main] Database - com.mysql.jdbc.exceptions.jdbc4.MySQLSyntaxErrorException: Can't DROP 'user_id___fk'; check that column/key exists
[ERROR] 2018-02-19 19:45:35.732 [main] Database - com.mysql.jdbc.exceptions.jdbc4.MySQLSyntaxErrorException: Can't DROP 'user_id___fk'; check that column/key exists
[ERROR] 2018-02-19 19:46:02.743 [main] Database - com.mysql.jdbc.exceptions.jdbc4.MySQLSyntaxErrorException: Can't DROP 'user_id___fk'; check that column/key exists
[ERROR] 2018-02-19 19:46:17.297 [main] Database - com.mysql.jdbc.exceptions.jdbc4.MySQLSyntaxErrorException: Can't DROP 'user_id___fk'; check that column/key exists
[ERROR] 2018-02-19 19:48:47.681 [main] Database - com.mysql.jdbc.exceptions.jdbc4.MySQLSyntaxErrorException: Can't DROP 'user_id___fk'; check that column/key exists
[ERROR] 2018-02-19 20:03:42.010 [main] Database - com.mysql.jdbc.exceptions.jdbc4.MySQLSyntaxErrorException: Can't DROP 'user_id___fk'; check that column/key exists
[ERROR] 2018-02-19 20:03:42.147 [main] Database - com.mysql.jdbc.exceptions.jdbc4.MySQLSyntaxErrorException: Can't DROP 'user_id___fk'; check that column/key exists
[DEBUG] 2018-02-19 20:03:42.148 [main] FoodDAO - Searching for food with foodName = strawberry
[ERROR] 2018-02-19 20:03:42.330 [main] Database - com.mysql.jdbc.exceptions.jdbc4.MySQLSyntaxErrorException: Can't DROP 'user_id___fk'; check that column/key exists
[ERROR] 2018-02-19 20:03:42.348 [main] Database - com.mysql.jdbc.exceptions.jdbc4.MySQLSyntaxErrorException: Can't DROP 'user_id___fk'; check that column/key exists
[DEBUG] 2018-02-19 20:03:42.349 [main] FoodDAO - Searching for food with foodName = b
[ERROR] 2018-02-19 20:03:42.366 [main] Database - com.mysql.jdbc.exceptions.jdbc4.MySQLSyntaxErrorException: Can't DROP 'user_id___fk'; check that column/key exists
[ERROR] 2018-02-19 20:03:42.381 [main] Database - com.mysql.jdbc.exceptions.jdbc4.MySQLSyntaxErrorException: Can't DROP 'user_id___fk'; check that column/key exists
[ERROR] 2018-02-19 20:03:42.397 [main] Database - com.mysql.jdbc.exceptions.jdbc4.MySQLSyntaxErrorException: Can't DROP 'user_id___fk'; check that column/key exists
[DEBUG] 2018-02-19 20:09:42.726 [main] FoodDAO - Searching for food with foodName = strawberry
[DEBUG] 2018-02-19 20:09:42.942 [main] FoodDAO - Searching for food with foodName = b
[DEBUG] 2018-02-19 20:10:28.222 [main] FoodDAO - Searching for food with foodName = strawberry
[DEBUG] 2018-02-19 20:10:28.415 [main] FoodDAO - Searching for food with foodName = b
[DEBUG] 2018-02-19 20:23:09.112 [main] UserDAO - Searching for user with firstName = Alex
[DEBUG] 2018-02-19 20:23:09.304 [main] UserDAO - Searching for user with firstName = Alex
[DEBUG] 2018-02-19 20:24:40.584 [main] UserDAO - Searching for user with firstName = Alex
[DEBUG] 2018-02-19 20:24:40.758 [main] UserDAO - Searching for user with firstName = Alex
[DEBUG] 2018-02-19 20:26:36.464 [main] FoodDAO - Searching for food with foodName = strawberry
[DEBUG] 2018-02-19 20:26:36.668 [main] FoodDAO - Searching for food with foodName = b
[DEBUG] 2018-02-19 20:38:42.687 [main] FoodDAO - Searching for food with foodName = strawberry
[DEBUG] 2018-02-19 20:38:42.882 [main] FoodDAO - Searching for food with foodName = b
[DEBUG] 2018-02-19 20:38:42.992 [main] UserDAO - Searching for user with firstName = Alex
[DEBUG] 2018-02-19 20:38:43.006 [main] UserDAO - Searching for user with firstName = Alex
[DEBUG] 2018-02-19 20:44:41.709 [main] FoodDAO - Searching for food with foodName = strawberry
[DEBUG] 2018-02-19 20:44:41.911 [main] FoodDAO - Searching for food with foodName = b
[DEBUG] 2018-02-19 20:44:42.031 [main] UserDAO - Searching for user with firstName = Alex
[DEBUG] 2018-02-19 20:44:42.046 [main] UserDAO - Searching for user with firstName = Alex
[DEBUG] 2018-02-19 20:46:14.336 [main] FoodDAO - Searching for food with foodName = strawberry
[DEBUG] 2018-02-19 20:46:14.526 [main] FoodDAO - Searching for food with foodName = b
[DEBUG] 2018-02-19 20:46:14.645 [main] UserDAO - Searching for user with firstName = Alex
[DEBUG] 2018-02-19 20:46:14.659 [main] UserDAO - Searching for user with firstName = Alex
[DEBUG] 2018-02-20 13:39:18.973 [main] FoodDAO - Searching for food with foodName = strawberry
[DEBUG] 2018-02-20 13:39:19.310 [main] FoodDAO - Searching for food with foodName = b
[DEBUG] 2018-02-20 13:39:19.499 [main] UserDAO - Searching for user with firstName = Alex
[DEBUG] 2018-02-20 13:39:19.524 [main] UserDAO - Searching for user with firstName = Alex
[DEBUG] 2018-02-22 12:48:50.857 [main] FoodDAO - Searching for food with foodName = strawberry
[DEBUG] 2018-02-22 12:48:51.217 [main] FoodDAO - Searching for food with foodName = b
[DEBUG] 2018-02-22 12:49:26.146 [main] UserDAO - Searching for user with firstName = Alex
[DEBUG] 2018-02-22 12:49:26.424 [main] UserDAO - Searching for user with firstName = Alex
[DEBUG] 2018-02-22 13:11:26.079 [main] FoodDAO - Searching for food with foodName = strawberry
[DEBUG] 2018-02-22 13:11:26.427 [main] FoodDAO - Searching for food with foodName = b
[DEBUG] 2018-02-22 13:11:26.671 [main] UserDAO - Searching for user with firstName = Alex
[DEBUG] 2018-02-22 13:11:26.706 [main] UserDAO - Searching for user with firstName = Alex
[DEBUG] 2018-02-22 13:11:34.475 [main] FoodDAO - Searching for food with foodName = strawberry
[DEBUG] 2018-02-22 13:11:34.861 [main] FoodDAO - Searching for food with foodName = b
[DEBUG] 2018-02-22 13:11:35.110 [main] UserDAO - Searching for user with firstName = Alex
[DEBUG] 2018-02-22 13:11:35.145 [main] UserDAO - Searching for user with firstName = Alex
[DEBUG] 2018-02-25 17:43:13.222 [main] GenericDAO - Searching for user with firstName = Alex
[DEBUG] 2018-02-25 17:45:28.204 [main] GenericDAO - Searching for user with firstName = Alex
[DEBUG] 2018-02-25 17:46:38.948 [main] GenericDAO - Searching for user with firstName = Alex
[DEBUG] 2018-02-25 17:46:39.119 [main] GenericDAO - Searching for user with firstName = Alex
[DEBUG] 2018-02-25 21:05:14.639 [main] GenericDAO - Searching for user with foodName = strawberry
[DEBUG] 2018-02-25 21:05:28.022 [main] GenericDAO - Searching for user with foodName = b
[DEBUG] 2018-02-25 21:05:37.203 [main] GenericDAO - Searching for user with foodName = strawberry
[DEBUG] 2018-02-25 21:05:37.406 [main] GenericDAO - Searching for user with foodName = b
[DEBUG] 2018-02-25 21:05:58.476 [main] GenericDAO - Searching for user with foodName = strawberry
[DEBUG] 2018-02-25 21:05:58.679 [main] GenericDAO - Searching for user with foodName = b
[DEBUG] 2018-02-25 21:05:58.789 [main] GenericDAO - Searching for user with firstName = Alex
[DEBUG] 2018-02-25 21:05:58.804 [main] GenericDAO - Searching for user with firstName = Alex
[DEBUG] 2018-02-25 21:16:24.753 [main] GenericDAO - Searching for user with foodName = strawberry
[DEBUG] 2018-02-25 21:16:24.941 [main] GenericDAO - Searching for user with foodName = b
[DEBUG] 2018-02-25 21:16:25.050 [main] GenericDAO - Searching for user with firstName = Alex
[DEBUG] 2018-02-25 21:16:25.066 [main] GenericDAO - Searching for user with firstName = Alex
[DEBUG] 2018-02-25 21:20:45.605 [main] GenericDAO - Searching for user with foodName = strawberry
[DEBUG] 2018-02-25 21:20:45.793 [main] GenericDAO - Searching for user with foodName = b
[DEBUG] 2018-02-25 21:20:45.902 [main] GenericDAO - Searching for user with firstName = Alex
[DEBUG] 2018-02-25 21:20:45.918 [main] GenericDAO - Searching for user with firstName = Alex
[DEBUG] 2018-02-26 19:46:57.941 [main] GenericDAO - Searching for user with foodName = strawberry
[DEBUG] 2018-02-26 19:46:58.195 [main] GenericDAO - Searching for user with foodName = b
[DEBUG] 2018-02-26 19:46:58.304 [main] GenericDAO - Searching for user with firstName = Alex
[DEBUG] 2018-02-26 19:46:58.319 [main] GenericDAO - Searching for user with firstName = Alex
[DEBUG] 2018-02-26 19:48:43.702 [main] GenericDAO - Searching for user with foodName = strawberry
[DEBUG] 2018-02-26 19:48:43.905 [main] GenericDAO - Searching for user with foodName = b
[DEBUG] 2018-02-26 19:48:44.023 [main] GenericDAO - Searching for user with firstName = Alex
[DEBUG] 2018-02-26 19:48:44.039 [main] GenericDAO - Searching for user with firstName = Alex
[DEBUG] 2018-02-26 19:51:58.861 [main] GenericDAO - Searching for user with foodName = strawberry
[DEBUG] 2018-02-26 19:51:59.045 [main] GenericDAO - Searching for user with foodName = b
[DEBUG] 2018-02-26 19:51:59.157 [main] GenericDAO - Searching for user with firstName = Alex
[DEBUG] 2018-02-26 19:51:59.175 [main] GenericDAO - Searching for user with firstName = Alex
[DEBUG] 2018-02-26 19:53:58.918 [main] GenericDAO - Searching for user with foodName = strawberry
[DEBUG] 2018-02-26 19:53:59.104 [main] GenericDAO - Searching for user with foodName = b
[DEBUG] 2018-02-26 19:53:59.202 [main] GenericDAO - Searching for user with firstName = Alex
[DEBUG] 2018-02-26 19:53:59.218 [main] GenericDAO - Searching for user with firstName = Alex
[DEBUG] 2018-02-26 20:06:36.016 [main] GenericDAO - Searching for user with foodName = strawberry
[DEBUG] 2018-02-26 20:06:36.204 [main] GenericDAO - Searching for user with foodName = b
[DEBUG] 2018-02-26 20:06:36.313 [main] GenericDAO - Searching for user with firstName = Alex
[DEBUG] 2018-02-26 20:06:36.344 [main] GenericDAO - Searching for user with firstName = Alex
[DEBUG] 2018-02-26 20:12:45.956 [main] GenericDAO - Searching for user with foodName = strawberry
[DEBUG] 2018-02-26 20:12:46.175 [main] GenericDAO - Searching for user with foodName = b
[DEBUG] 2018-02-26 20:12:46.300 [main] GenericDAO - Searching for user with firstName = Alex
[DEBUG] 2018-02-26 20:12:46.316 [main] GenericDAO - Searching for user with firstName = Alex
[DEBUG] 2018-02-26 20:25:38.131 [main] GenericDAO - Searching for user with foodName = strawberry
[DEBUG] 2018-02-26 20:25:38.326 [main] GenericDAO - Searching for user with foodName = b
[DEBUG] 2018-02-26 20:25:38.437 [main] GenericDAO - Searching for user with firstName = Alex
[DEBUG] 2018-02-26 20:25:38.470 [main] GenericDAO - Searching for user with firstName = Alex
[DEBUG] 2018-02-26 20:34:11.204 [main] GenericDAO - Searching for user with foodName = strawberry
[DEBUG] 2018-02-26 20:34:11.408 [main] GenericDAO - Searching for user with foodName = b
[DEBUG] 2018-02-26 20:34:11.529 [main] GenericDAO - Searching for user with firstName = Alex
[DEBUG] 2018-02-26 20:34:11.547 [main] GenericDAO - Searching for user with firstName = Alex
[DEBUG] 2018-02-26 20:37:35.270 [main] GenericDAO - Searching for user with foodName = strawberry
[DEBUG] 2018-02-26 20:37:35.457 [main] GenericDAO - Searching for user with foodName = b
[DEBUG] 2018-02-26 20:37:35.582 [main] GenericDAO - Searching for user with firstName = Alex
[DEBUG] 2018-02-26 20:37:35.598 [main] GenericDAO - Searching for user with firstName = Alex
[DEBUG] 2018-02-26 20:39:31.707 [main] GenericDAO - Searching for user with foodName = strawberry
[DEBUG] 2018-02-26 20:39:31.900 [main] GenericDAO - Searching for user with foodName = b
[DEBUG] 2018-02-26 20:39:32.025 [main] GenericDAO - Searching for user with firstName = Alex
[DEBUG] 2018-02-26 20:39:32.025 [main] GenericDAO - Searching for user with firstName = Alex
[DEBUG] 2018-02-27 12:49:31.152 [main] GenericDAO - Searching for user with foodName = strawberry
[DEBUG] 2018-02-27 12:49:31.465 [main] GenericDAO - Searching for user with foodName = b
[DEBUG] 2018-02-27 12:49:31.590 [main] GenericDAO - Searching for user with firstName = Alex
[DEBUG] 2018-02-27 12:49:31.621 [main] GenericDAO - Searching for user with firstName = Alex
[DEBUG] 2018-02-27 19:26:31.138 [main] GenericDAO - Searching for user with foodName = strawberry
[DEBUG] 2018-02-27 19:26:31.345 [main] GenericDAO - Searching for user with foodName = b
[DEBUG] 2018-02-27 19:26:31.459 [main] GenericDAO - Searching for user with firstName = Alex
[DEBUG] 2018-02-27 19:26:31.477 [main] GenericDAO - Searching for user with firstName = Alex
[DEBUG] 2018-02-27 20:10:48.334 [main] GenericDAO - Searching for user with foodName = strawberry
[DEBUG] 2018-02-27 20:10:48.515 [main] GenericDAO - Searching for user with foodName = b
[DEBUG] 2018-02-27 20:10:48.629 [main] GenericDAO - Searching for user with firstName = Alex
[DEBUG] 2018-02-27 20:10:48.644 [main] GenericDAO - Searching for user with firstName = Alex
[DEBUG] 2018-02-27 20:11:43.507 [main] GenericDAO - Searching for user with foodName = strawberry
[DEBUG] 2018-02-27 20:11:43.693 [main] GenericDAO - Searching for user with foodName = b
[DEBUG] 2018-02-27 20:11:43.800 [main] GenericDAO - Searching for user with firstName = Alex
[DEBUG] 2018-02-27 20:11:43.815 [main] GenericDAO - Searching for user with firstName = Alex
[DEBUG] 2018-02-27 20:15:34.958 [main] GenericDAO - Searching for user with foodName = strawberry
[DEBUG] 2018-02-27 20:15:35.146 [main] GenericDAO - Searching for user with foodName = b
[DEBUG] 2018-02-27 20:15:35.271 [main] GenericDAO - Searching for user with firstName = Alex
[DEBUG] 2018-02-27 20:15:35.285 [main] GenericDAO - Searching for user with firstName = Alex
[DEBUG] 2018-02-28 13:24:47.568 [main] GenericDAO - Searching for user with foodName = strawberry
[DEBUG] 2018-02-28 13:24:47.782 [main] GenericDAO - Searching for user with foodName = b
[DEBUG] 2018-02-28 13:24:47.899 [main] GenericDAO - Searching for user with firstName = Alex
[DEBUG] 2018-02-28 13:24:47.914 [main] GenericDAO - Searching for user with firstName = Alex
[DEBUG] 2018-02-28 13:33:41.175 [main] GenericDAO - Searching for user with foodName = strawberry
[DEBUG] 2018-02-28 13:33:41.364 [main] GenericDAO - Searching for user with foodName = b
[DEBUG] 2018-02-28 13:33:41.482 [main] GenericDAO - Searching for user with firstName = Alex
[DEBUG] 2018-02-28 13:33:41.497 [main] GenericDAO - Searching for user with firstName = Alex
[DEBUG] 2018-02-28 13:55:44.205 [main] GenericDAO - Searching for user with foodName = strawberry
[DEBUG] 2018-02-28 13:55:44.393 [main] GenericDAO - Searching for user with foodName = b
[DEBUG] 2018-02-28 13:55:44.501 [main] GenericDAO - Searching for user with firstName = Alex
[DEBUG] 2018-02-28 13:55:44.516 [main] GenericDAO - Searching for user with firstName = Alex
[DEBUG] 2018-02-28 14:00:37.942 [main] GenericDAO - Searching for user with foodName = strawberry
[DEBUG] 2018-02-28 14:00:38.129 [main] GenericDAO - Searching for user with foodName = b
[DEBUG] 2018-02-28 14:00:38.235 [main] GenericDAO - Searching for user with firstName = Alex
[DEBUG] 2018-02-28 14:00:38.249 [main] GenericDAO - Searching for user with firstName = Alex
[DEBUG] 2018-02-28 14:06:09.645 [main] GenericDAO - Searching for user with foodName = strawberry
[DEBUG] 2018-02-28 14:06:09.842 [main] GenericDAO - Searching for user with foodName = b
[DEBUG] 2018-02-28 14:06:09.955 [main] GenericDAO - Searching for user with firstName = Alex
[DEBUG] 2018-02-28 14:06:09.970 [main] GenericDAO - Searching for user with firstName = Alex
[DEBUG] 2018-02-28 14:07:58.310 [main] GenericDAO - Searching for user with foodName = strawberry
[DEBUG] 2018-02-28 14:07:58.491 [main] GenericDAO - Searching for user with foodName = b
[DEBUG] 2018-02-28 14:07:58.596 [main] GenericDAO - Searching for user with firstName = Alex
[DEBUG] 2018-02-28 14:07:58.612 [main] GenericDAO - Searching for user with firstName = Alex
[DEBUG] 2018-02-28 14:09:17.847 [main] GenericDAO - Searching for user with foodName = strawberry
[DEBUG] 2018-02-28 14:09:18.067 [main] GenericDAO - Searching for user with foodName = b
[DEBUG] 2018-02-28 14:09:18.191 [main] GenericDAO - Searching for user with firstName = Alex
[DEBUG] 2018-02-28 14:09:18.207 [main] GenericDAO - Searching for user with firstName = Alex
[DEBUG] 2018-02-28 14:10:43.468 [main] GenericDAO - Searching for user with foodName = strawberry
[DEBUG] 2018-02-28 14:10:43.664 [main] GenericDAO - Searching for user with foodName = b
[DEBUG] 2018-02-28 14:10:43.775 [main] GenericDAO - Searching for user with firstName = Alex
[DEBUG] 2018-02-28 14:10:43.814 [main] GenericDAO - Searching for user with firstName = Alex
[DEBUG] 2018-02-28 14:12:31.330 [main] GenericDAO - Searching for user with foodName = strawberry
[DEBUG] 2018-02-28 14:12:31.529 [main] GenericDAO - Searching for user with foodName = b
[DEBUG] 2018-02-28 14:12:31.643 [main] GenericDAO - Searching for user with firstName = Alex
[DEBUG] 2018-02-28 14:12:31.658 [main] GenericDAO - Searching for user with firstName = Alex
[DEBUG] 2018-02-28 14:30:47.516 [main] GenericDAO - Searching for user with foodName = strawberry
[DEBUG] 2018-02-28 14:30:47.703 [main] GenericDAO - Searching for user with foodName = b
[DEBUG] 2018-02-28 14:30:47.814 [main] GenericDAO - Searching for user with firstName = Alex
[DEBUG] 2018-02-28 14:30:47.814 [main] GenericDAO - Searching for user with firstName = Alex
[DEBUG] 2018-02-28 14:40:08.247 [main] GenericDAO - Searching for user with foodName = strawberry
[DEBUG] 2018-02-28 14:40:08.442 [main] GenericDAO - Searching for user with foodName = b
[DEBUG] 2018-02-28 14:40:08.585 [main] GenericDAO - Searching for user with firstName = Alex
[DEBUG] 2018-02-28 14:40:08.613 [main] GenericDAO - Searching for user with firstName = Alex
[DEBUG] 2018-02-28 14:43:24.584 [main] GenericDAO - Searching for user with foodName = strawberry
[DEBUG] 2018-02-28 14:43:24.763 [main] GenericDAO - Searching for user with foodName = b
[DEBUG] 2018-02-28 14:43:24.865 [main] GenericDAO - Searching for user with firstName = Alex
[DEBUG] 2018-02-28 14:43:24.881 [main] GenericDAO - Searching for user with firstName = Alex
[DEBUG] 2018-02-28 14:49:15.258 [main] GenericDAO - Searching for user with foodName = strawberry
[DEBUG] 2018-02-28 14:49:15.451 [main] GenericDAO - Searching for user with foodName = b
[DEBUG] 2018-02-28 14:49:15.568 [main] GenericDAO - Searching for user with firstName = Alex
[DEBUG] 2018-02-28 14:49:15.584 [main] GenericDAO - Searching for user with firstName = Alex
[DEBUG] 2018-02-28 14:52:49.942 [main] GenericDAO - Searching for user with foodName = strawberry
[DEBUG] 2018-02-28 14:52:50.115 [main] GenericDAO - Searching for user with foodName = b
[DEBUG] 2018-02-28 14:52:50.225 [main] GenericDAO - Searching for user with firstName = Alex
[DEBUG] 2018-02-28 14:52:50.240 [main] GenericDAO - Searching for user with firstName = Alex
[DEBUG] 2018-02-28 14:53:56.920 [main] GenericDAO - Searching for user with foodName = strawberry
[DEBUG] 2018-02-28 14:53:57.102 [main] GenericDAO - Searching for user with foodName = b
[DEBUG] 2018-02-28 14:53:57.211 [main] GenericDAO - Searching for user with firstName = Alex
[DEBUG] 2018-02-28 14:53:57.242 [main] GenericDAO - Searching for user with firstName = Alex
[DEBUG] 2018-02-28 14:58:15.778 [main] GenericDAO - Searching for user with foodName = strawberry
[DEBUG] 2018-02-28 14:58:15.975 [main] GenericDAO - Searching for user with foodName = b
[DEBUG] 2018-02-28 14:58:16.102 [main] GenericDAO - Searching for user with firstName = Alex
[DEBUG] 2018-02-28 14:58:16.119 [main] GenericDAO - Searching for user with firstName = Alex
[DEBUG] 2018-02-28 15:07:40.875 [main] GenericDAO - Searching for user with foodName = strawberry
[DEBUG] 2018-02-28 15:07:41.047 [main] GenericDAO - Searching for user with foodName = b
[DEBUG] 2018-02-28 15:07:41.173 [main] GenericDAO - Searching for user with firstName = Alex
[DEBUG] 2018-02-28 15:07:41.189 [main] GenericDAO - Searching for user with firstName = Alex
[DEBUG] 2018-02-28 15:08:48.439 [main] GenericDAO - Searching for user with foodName = strawberry
[DEBUG] 2018-02-28 15:08:48.660 [main] GenericDAO - Searching for user with foodName = b
[DEBUG] 2018-02-28 15:08:48.785 [main] GenericDAO - Searching for user with firstName = Alex
[DEBUG] 2018-02-28 15:08:48.801 [main] GenericDAO - Searching for user with firstName = Alex
[DEBUG] 2018-02-28 15:09:38.650 [main] GenericDAO - Searching for user with foodName = strawberry
[DEBUG] 2018-02-28 15:09:38.839 [main] GenericDAO - Searching for user with foodName = b
[DEBUG] 2018-02-28 15:09:38.949 [main] GenericDAO - Searching for user with firstName = Alex
[DEBUG] 2018-02-28 15:09:38.964 [main] GenericDAO - Searching for user with firstName = Alex
[DEBUG] 2018-02-28 15:18:06.676 [main] GenericDAO - Searching for user with foodName = strawberry
[DEBUG] 2018-02-28 15:18:06.941 [main] GenericDAO - Searching for user with foodName = b
[DEBUG] 2018-02-28 15:18:07.087 [main] GenericDAO - Searching for user with firstName = Alex
[DEBUG] 2018-02-28 15:18:07.100 [main] GenericDAO - Searching for user with firstName = Alex
[DEBUG] 2018-02-28 15:28:58.031 [main] GenericDAO - Searching for user with foodName = strawberry
[DEBUG] 2018-02-28 15:28:58.219 [main] GenericDAO - Searching for user with foodName = b
[DEBUG] 2018-02-28 15:28:58.329 [main] GenericDAO - Searching for user with firstName = Alex
[DEBUG] 2018-02-28 15:28:58.344 [main] GenericDAO - Searching for user with firstName = Alex
[DEBUG] 2018-03-02 13:37:06.437 [main] GenericDAO - Searching for user with foodName = strawberry
[DEBUG] 2018-03-02 13:37:06.672 [main] GenericDAO - Searching for user with foodName = b
[DEBUG] 2018-03-02 13:37:06.797 [main] GenericDAO - Searching for user with firstName = Alex
[DEBUG] 2018-03-02 13:37:06.812 [main] GenericDAO - Searching for user with firstName = Alex
[DEBUG] 2018-03-02 13:38:55.087 [main] GenericDAO - Searching for user with foodName = strawberry
[DEBUG] 2018-03-02 13:38:55.431 [main] GenericDAO - Searching for user with foodName = b
[DEBUG] 2018-03-02 13:38:55.603 [main] GenericDAO - Searching for user with firstName = Alex
[DEBUG] 2018-03-02 13:38:55.634 [main] GenericDAO - Searching for user with firstName = Alex
[DEBUG] 2018-03-02 14:43:42.393 [main] GenericDAO - Searching for user with foodName = strawberry
[DEBUG] 2018-03-02 14:43:42.588 [main] GenericDAO - Searching for user with foodName = b
[DEBUG] 2018-03-02 14:43:42.707 [main] GenericDAO - Searching for user with firstName = Alex
[DEBUG] 2018-03-02 14:43:42.744 [main] GenericDAO - Searching for user with firstName = Alex
[DEBUG] 2018-03-04 20:20:41.114 [main] GenericDAO - Searching for user with foodName = strawberry
[DEBUG] 2018-03-04 20:20:41.317 [main] GenericDAO - Searching for user with foodName = b
[DEBUG] 2018-03-04 20:20:41.427 [main] GenericDAO - Searching for user with firstName = Alex
[DEBUG] 2018-03-04 20:20:41.442 [main] GenericDAO - Searching for user with firstName = Alex
[DEBUG] 2018-03-04 21:13:13.792 [main] GenericDAO - Searching for user with foodName = strawberry
[DEBUG] 2018-03-04 21:13:13.979 [main] GenericDAO - Searching for user with foodName = b
[DEBUG] 2018-03-04 21:13:14.089 [main] GenericDAO - Searching for user with firstName = Alex
[DEBUG] 2018-03-04 21:13:14.104 [main] GenericDAO - Searching for user with firstName = Alex
[DEBUG] 2018-03-04 21:57:15.137 [main] GenericDAO - Searching for user with foodName = strawberry
[DEBUG] 2018-03-04 21:57:15.330 [main] GenericDAO - Searching for user with foodName = b
[DEBUG] 2018-03-04 21:57:15.471 [main] GenericDAO - Searching for user with firstName = Alex
[DEBUG] 2018-03-04 21:57:15.486 [main] GenericDAO - Searching for user with firstName = Alex
[DEBUG] 2018-03-04 21:59:27.362 [main] GenericDAO - Searching for user with foodName = strawberry
[DEBUG] 2018-03-04 21:59:27.565 [main] GenericDAO - Searching for user with foodName = b
[DEBUG] 2018-03-04 21:59:27.690 [main] GenericDAO - Searching for user with firstName = Alex
[DEBUG] 2018-03-04 21:59:27.705 [main] GenericDAO - Searching for user with firstName = Alex
[DEBUG] 2018-03-04 22:01:28.810 [main] GenericDAO - Searching for user with foodName = strawberry
[DEBUG] 2018-03-04 22:01:29.018 [main] GenericDAO - Searching for user with foodName = b
[DEBUG] 2018-03-04 22:01:29.143 [main] GenericDAO - Searching for user with firstName = Alex
[DEBUG] 2018-03-04 22:01:29.159 [main] GenericDAO - Searching for user with firstName = Alex
[DEBUG] 2018-03-04 22:02:31.963 [main] GenericDAO - Searching for user with foodName = strawberry
[DEBUG] 2018-03-04 22:02:32.231 [main] GenericDAO - Searching for user with foodName = b
[DEBUG] 2018-03-04 22:02:32.364 [main] GenericDAO - Searching for user with firstName = Alex
[DEBUG] 2018-03-04 22:02:32.379 [main] GenericDAO - Searching for user with firstName = Alex
[DEBUG] 2018-03-04 22:03:31.099 [main] GenericDAO - Searching for user with foodName = strawberry
[DEBUG] 2018-03-04 22:03:31.286 [main] GenericDAO - Searching for user with foodName = b
[DEBUG] 2018-03-04 22:03:31.395 [main] GenericDAO - Searching for user with firstName = Alex
[DEBUG] 2018-03-04 22:03:31.411 [main] GenericDAO - Searching for user with firstName = Alex
[DEBUG] 2018-03-07 19:28:30.300 [main] GenericDAO - Searching for user with foodName = strawberry
[DEBUG] 2018-03-07 19:28:30.625 [main] GenericDAO - Searching for user with foodName = b
[DEBUG] 2018-03-07 19:28:30.822 [main] GenericDAO - Searching for user with firstName = Alex
[DEBUG] 2018-03-07 19:28:30.849 [main] GenericDAO - Searching for user with firstName = Alex
[DEBUG] 2018-03-08 13:01:12.867 [main] GenericDAO - Searching for user with foodName = strawberry
[DEBUG] 2018-03-08 13:01:13.071 [main] GenericDAO - Searching for user with foodName = b
[DEBUG] 2018-03-08 13:01:13.180 [main] GenericDAO - Searching for user with firstName = Alex
[DEBUG] 2018-03-08 13:01:13.196 [main] GenericDAO - Searching for user with firstName = Alex
[DEBUG] 2018-03-08 14:02:12.500 [main] GenericDAO - Searching for user with foodName = strawberry
[DEBUG] 2018-03-08 14:02:12.675 [main] GenericDAO - Searching for user with foodName = b
[DEBUG] 2018-03-08 14:02:12.781 [main] GenericDAO - Searching for user with firstName = Alex
[DEBUG] 2018-03-08 14:02:12.797 [main] GenericDAO - Searching for user with firstName = Alex
[DEBUG] 2018-03-24 16:47:43.941 [main] GenericDAO - Searching for user with foodName = strawberry
[DEBUG] 2018-03-24 16:47:44.149 [main] GenericDAO - Searching for user with foodName = b
[DEBUG] 2018-03-24 16:47:44.279 [main] GenericDAO - Searching for user with firstName = Alex
[DEBUG] 2018-03-24 16:47:44.298 [main] GenericDAO - Searching for user with firstName = Alex
[DEBUG] 2018-03-24 16:54:37.971 [main] GenericDAO - Searching for user with foodName = strawberry
[DEBUG] 2018-03-24 16:54:38.147 [main] GenericDAO - Searching for user with foodName = b
[DEBUG] 2018-03-24 16:54:38.260 [main] GenericDAO - Searching for user with firstName = Alex
[DEBUG] 2018-03-24 16:54:38.275 [main] GenericDAO - Searching for user with firstName = Alex
[DEBUG] 2018-03-24 16:55:34.470 [main] GenericDAO - Searching for user with foodName = strawberry
[DEBUG] 2018-03-24 16:55:34.650 [main] GenericDAO - Searching for user with foodName = b
[DEBUG] 2018-03-24 16:55:34.762 [main] GenericDAO - Searching for user with firstName = Alex
[DEBUG] 2018-03-24 16:55:34.777 [main] GenericDAO - Searching for user with firstName = Alex
[DEBUG] 2018-03-24 16:57:41.067 [main] GenericDAO - Searching for user with foodName = strawberry
[DEBUG] 2018-03-24 16:57:41.256 [main] GenericDAO - Searching for user with foodName = b
[DEBUG] 2018-03-24 16:57:41.366 [main] GenericDAO - Searching for user with firstName = Alex
[DEBUG] 2018-03-24 16:57:41.382 [main] GenericDAO - Searching for user with firstName = Alex
[DEBUG] 2018-03-24 16:59:05.602 [main] GenericDAO - Searching for user with foodName = strawberry
[DEBUG] 2018-03-24 16:59:05.787 [main] GenericDAO - Searching for user with foodName = b
[DEBUG] 2018-03-24 16:59:05.899 [main] GenericDAO - Searching for user with firstName = Alex
[DEBUG] 2018-03-24 16:59:05.915 [main] GenericDAO - Searching for user with firstName = Alex
[DEBUG] 2018-03-24 17:00:43.066 [main] GenericDAO - Searching for user with foodName = strawberry
[DEBUG] 2018-03-24 17:00:43.244 [main] GenericDAO - Searching for user with foodName = b
[DEBUG] 2018-03-24 17:00:43.368 [main] GenericDAO - Searching for user with firstName = Alex
[DEBUG] 2018-03-24 17:00:43.384 [main] GenericDAO - Searching for user with firstName = Alex
[DEBUG] 2018-03-24 17:05:49.944 [main] GenericDAO - Searching for user with foodName = strawberry
[DEBUG] 2018-03-24 17:05:50.124 [main] GenericDAO - Searching for user with foodName = b
[DEBUG] 2018-03-24 17:05:50.242 [main] GenericDAO - Searching for user with firstName = Alex
[DEBUG] 2018-03-24 17:05:50.261 [main] GenericDAO - Searching for user with firstName = Alex
[DEBUG] 2018-03-24 17:07:23.670 [main] GenericDAO - Searching for user with foodName = strawberry
[DEBUG] 2018-03-24 17:07:23.857 [main] GenericDAO - Searching for user with foodName = b
[DEBUG] 2018-03-24 17:07:23.963 [main] GenericDAO - Searching for user with firstName = Alex
[DEBUG] 2018-03-24 17:07:23.976 [main] GenericDAO - Searching for user with firstName = Alex
[DEBUG] 2018-03-24 17:09:39.471 [main] GenericDAO - Searching for user with foodName = strawberry
[DEBUG] 2018-03-24 17:09:39.651 [main] GenericDAO - Searching for user with foodName = b
[DEBUG] 2018-03-24 17:09:39.789 [main] GenericDAO - Searching for user with firstName = Alex
[DEBUG] 2018-03-24 17:09:39.805 [main] GenericDAO - Searching for user with firstName = Alex
[DEBUG] 2018-03-24 17:10:51.560 [main] GenericDAO - Searching for user with foodName = strawberry
[DEBUG] 2018-03-24 17:10:51.748 [main] GenericDAO - Searching for user with foodName = b
[DEBUG] 2018-03-24 17:10:51.858 [main] GenericDAO - Searching for user with firstName = Alex
[DEBUG] 2018-03-24 17:10:51.872 [main] GenericDAO - Searching for user with firstName = Alex
[DEBUG] 2018-03-24 17:14:11.058 [main] GenericDAO - Searching for user with foodName = strawberry
[DEBUG] 2018-03-24 17:14:11.239 [main] GenericDAO - Searching for user with foodName = b
[DEBUG] 2018-03-24 17:14:11.355 [main] GenericDAO - Searching for user with firstName = Alex
[DEBUG] 2018-03-24 17:14:11.369 [main] GenericDAO - Searching for user with firstName = Alex
[DEBUG] 2018-03-24 17:15:49.828 [main] GenericDAO - Searching for user with foodName = strawberry
[DEBUG] 2018-03-24 17:15:50.023 [main] GenericDAO - Searching for user with foodName = b
[DEBUG] 2018-03-24 17:15:50.132 [main] GenericDAO - Searching for user with firstName = Alex
[DEBUG] 2018-03-24 17:15:50.147 [main] GenericDAO - Searching for user with firstName = Alex
[DEBUG] 2018-03-24 17:19:42.220 [main] GenericDAO - Searching for user with foodName = strawberry
[DEBUG] 2018-03-24 17:19:42.394 [main] GenericDAO - Searching for user with foodName = b
[DEBUG] 2018-03-24 17:19:42.510 [main] GenericDAO - Searching for user with firstName = Alex
[DEBUG] 2018-03-24 17:19:42.526 [main] GenericDAO - Searching for user with firstName = Alex
[DEBUG] 2018-03-24 17:22:35.857 [main] GenericDAO - Searching for user with foodName = strawberry
[DEBUG] 2018-03-24 17:22:36.058 [main] GenericDAO - Searching for user with foodName = b
[DEBUG] 2018-03-24 17:22:36.183 [main] GenericDAO - Searching for user with firstName = Alex
[DEBUG] 2018-03-24 17:22:36.204 [main] GenericDAO - Searching for user with firstName = Alex
[DEBUG] 2018-03-24 17:23:37.808 [main] GenericDAO - Searching for user with foodName = strawberry
[DEBUG] 2018-03-24 17:23:37.996 [main] GenericDAO - Searching for user with foodName = b
[DEBUG] 2018-03-24 17:23:38.122 [main] GenericDAO - Searching for user with firstName = Alex
[DEBUG] 2018-03-24 17:23:38.136 [main] GenericDAO - Searching for user with firstName = Alex
[DEBUG] 2018-03-24 17:24:35.251 [main] GenericDAO - Searching for user with foodName = strawberry
[DEBUG] 2018-03-24 17:24:35.429 [main] GenericDAO - Searching for user with foodName = b
[DEBUG] 2018-03-24 17:24:35.533 [main] GenericDAO - Searching for user with firstName = Alex
[DEBUG] 2018-03-24 17:24:35.547 [main] GenericDAO - Searching for user with firstName = Alex
[DEBUG] 2018-03-24 17:25:25.131 [main] GenericDAO - Searching for user with foodName = strawberry
[DEBUG] 2018-03-24 17:25:25.316 [main] GenericDAO - Searching for user with foodName = b
[DEBUG] 2018-03-24 17:25:25.420 [main] GenericDAO - Searching for user with firstName = Alex
[DEBUG] 2018-03-24 17:25:25.435 [main] GenericDAO - Searching for user with firstName = Alex
[DEBUG] 2018-03-24 17:31:00.646 [main] GenericDAO - Searching for user with foodName = strawberry
[DEBUG] 2018-03-24 17:31:00.829 [main] GenericDAO - Searching for user with foodName = b
[DEBUG] 2018-03-24 17:31:01.003 [main] GenericDAO - Searching for user with firstName = Alex
[DEBUG] 2018-03-24 17:31:01.017 [main] GenericDAO - Searching for user with firstName = Alex
[DEBUG] 2018-03-24 17:33:32.651 [main] GenericDAO - Searching for user with foodName = strawberry
[DEBUG] 2018-03-24 17:33:32.834 [main] GenericDAO - Searching for user with foodName = b
[DEBUG] 2018-03-24 17:33:32.952 [main] GenericDAO - Searching for user with firstName = Alex
[DEBUG] 2018-03-24 17:33:32.968 [main] GenericDAO - Searching for user with firstName = Alex
[DEBUG] 2018-03-24 17:36:02.434 [main] GenericDAO - Searching for user with foodName = strawberry
[DEBUG] 2018-03-24 17:36:02.646 [main] GenericDAO - Searching for user with foodName = b
[DEBUG] 2018-03-24 17:36:02.770 [main] GenericDAO - Searching for user with firstName = Alex
[DEBUG] 2018-03-24 17:36:02.792 [main] GenericDAO - Searching for user with firstName = Alex
[DEBUG] 2018-03-24 17:37:16.396 [main] GenericDAO - Searching for user with foodName = strawberry
[DEBUG] 2018-03-24 17:37:16.591 [main] GenericDAO - Searching for user with foodName = b
[DEBUG] 2018-03-24 17:37:16.728 [main] GenericDAO - Searching for user with firstName = Alex
[DEBUG] 2018-03-24 17:37:16.752 [main] GenericDAO - Searching for user with firstName = Alex
[DEBUG] 2018-03-24 17:38:17.576 [main] GenericDAO - Searching for user with foodName = strawberry
[DEBUG] 2018-03-24 17:38:17.820 [main] GenericDAO - Searching for user with foodName = b
[DEBUG] 2018-03-24 17:38:17.947 [main] GenericDAO - Searching for user with firstName = Alex
[DEBUG] 2018-03-24 17:38:17.971 [main] GenericDAO - Searching for user with firstName = Alex
[DEBUG] 2018-03-24 17:43:39.343 [main] GenericDAO - Searching for user with foodName = strawberry
[DEBUG] 2018-03-24 17:43:39.538 [main] GenericDAO - Searching for user with foodName = b
[DEBUG] 2018-03-24 17:43:39.647 [main] GenericDAO - Searching for user with firstName = Alex
[DEBUG] 2018-03-24 17:43:39.664 [main] GenericDAO - Searching for user with firstName = Alex
[DEBUG] 2018-03-24 17:45:09.547 [main] GenericDAO - Searching for user with foodName = strawberry
[DEBUG] 2018-03-24 17:45:09.742 [main] GenericDAO - Searching for user with foodName = b
[DEBUG] 2018-03-24 17:45:09.882 [main] GenericDAO - Searching for user with firstName = Alex
[DEBUG] 2018-03-24 17:45:09.900 [main] GenericDAO - Searching for user with firstName = Alex
[DEBUG] 2018-03-24 17:46:00.757 [main] GenericDAO - Searching for user with foodName = strawberry
[DEBUG] 2018-03-24 17:46:00.938 [main] GenericDAO - Searching for user with foodName = b
[DEBUG] 2018-03-24 17:46:01.041 [main] GenericDAO - Searching for user with firstName = Alex
[DEBUG] 2018-03-24 17:46:01.056 [main] GenericDAO - Searching for user with firstName = Alex
[DEBUG] 2018-03-24 17:47:17.791 [main] GenericDAO - Searching for user with foodName = strawberry
[DEBUG] 2018-03-24 17:47:17.973 [main] GenericDAO - Searching for user with foodName = b
[DEBUG] 2018-03-24 17:47:18.163 [main] GenericDAO - Searching for user with firstName = Alex
[DEBUG] 2018-03-24 17:47:18.178 [main] GenericDAO - Searching for user with firstName = Alex
[DEBUG] 2018-03-24 18:13:54.688 [main] GenericDAO - Searching for user with foodName = strawberry
[DEBUG] 2018-03-24 18:13:54.875 [main] GenericDAO - Searching for user with foodName = b
[DEBUG] 2018-03-24 18:13:55.044 [main] GenericDAO - Searching for user with firstName = Alex
[DEBUG] 2018-03-24 18:13:55.059 [main] GenericDAO - Searching for user with firstName = Alex
[DEBUG] 2018-03-24 18:22:12.979 [main] GenericDAO - Searching for user with foodName = strawberry
[DEBUG] 2018-03-24 18:22:13.173 [main] GenericDAO - Searching for user with foodName = b
[DEBUG] 2018-03-24 18:22:13.292 [main] GenericDAO - Searching for user with firstName = Alex
[DEBUG] 2018-03-24 18:22:13.309 [main] GenericDAO - Searching for user with firstName = Alex
[DEBUG] 2018-03-24 18:23:30.862 [main] GenericDAO - Searching for user with foodName = strawberry
[DEBUG] 2018-03-24 18:23:31.042 [main] GenericDAO - Searching for user with foodName = b
[DEBUG] 2018-03-24 18:23:31.150 [main] GenericDAO - Searching for user with firstName = Alex
[DEBUG] 2018-03-24 18:23:31.166 [main] GenericDAO - Searching for user with firstName = Alex
[DEBUG] 2018-03-24 18:24:40.162 [main] GenericDAO - Searching for user with foodName = strawberry
[DEBUG] 2018-03-24 18:24:40.333 [main] GenericDAO - Searching for user with foodName = b
[DEBUG] 2018-03-24 18:24:40.437 [main] GenericDAO - Searching for user with firstName = Alex
[DEBUG] 2018-03-24 18:24:40.449 [main] GenericDAO - Searching for user with firstName = Alex
[DEBUG] 2018-03-24 18:27:09.570 [main] GenericDAO - Searching for user with foodName = strawberry
[DEBUG] 2018-03-24 18:27:09.753 [main] GenericDAO - Searching for user with foodName = b
[DEBUG] 2018-03-24 18:27:09.876 [main] GenericDAO - Searching for user with firstName = Alex
[DEBUG] 2018-03-24 18:27:09.891 [main] GenericDAO - Searching for user with firstName = Alex
[DEBUG] 2018-03-24 18:37:33.085 [main] GenericDAO - Searching for user with foodName = strawberry
[DEBUG] 2018-03-24 18:37:33.271 [main] GenericDAO - Searching for user with foodName = b
[DEBUG] 2018-03-24 18:37:33.384 [main] GenericDAO - Searching for user with firstName = Alex
[DEBUG] 2018-03-24 18:37:33.400 [main] GenericDAO - Searching for user with firstName = Alex
[DEBUG] 2018-03-24 18:38:41.436 [main] GenericDAO - Searching for user with foodName = strawberry
[DEBUG] 2018-03-24 18:38:41.605 [main] GenericDAO - Searching for user with foodName = b
[DEBUG] 2018-03-24 18:38:41.712 [main] GenericDAO - Searching for user with firstName = Alex
[DEBUG] 2018-03-24 18:38:41.727 [main] GenericDAO - Searching for user with firstName = Alex
[DEBUG] 2018-03-24 18:40:36.201 [main] GenericDAO - Searching for user with foodName = strawberry
[DEBUG] 2018-03-24 18:40:36.419 [main] GenericDAO - Searching for user with foodName = b
[DEBUG] 2018-03-24 18:40:36.523 [main] GenericDAO - Searching for user with firstName = Alex
[DEBUG] 2018-03-24 18:40:36.538 [main] GenericDAO - Searching for user with firstName = Alex
[DEBUG] 2018-03-24 18:43:45.125 [main] GenericDAO - Searching for user with foodName = strawberry
[DEBUG] 2018-03-24 18:43:45.312 [main] GenericDAO - Searching for user with foodName = b
[DEBUG] 2018-03-24 18:43:45.417 [main] GenericDAO - Searching for user with firstName = Alex
[DEBUG] 2018-03-24 18:43:45.431 [main] GenericDAO - Searching for user with firstName = Alex
[DEBUG] 2018-03-24 18:46:24.185 [main] GenericDAO - Searching for user with foodName = strawberry
[DEBUG] 2018-03-24 18:46:24.374 [main] GenericDAO - Searching for user with foodName = b
[DEBUG] 2018-03-24 18:46:24.493 [main] GenericDAO - Searching for user with firstName = Alex
[DEBUG] 2018-03-24 18:46:24.508 [main] GenericDAO - Searching for user with firstName = Alex
[DEBUG] 2018-03-24 18:49:14.098 [main] GenericDAO - Searching for user with foodName = strawberry
[DEBUG] 2018-03-24 18:49:14.279 [main] GenericDAO - Searching for user with foodName = b
[DEBUG] 2018-03-24 18:49:14.385 [main] GenericDAO - Searching for user with firstName = Alex
[DEBUG] 2018-03-24 18:49:14.399 [main] GenericDAO - Searching for user with firstName = Alex
[DEBUG] 2018-03-24 18:50:51.106 [main] GenericDAO - Searching for user with foodName = strawberry
[DEBUG] 2018-03-24 18:50:51.310 [main] GenericDAO - Searching for user with foodName = b
[DEBUG] 2018-03-24 18:50:51.425 [main] GenericDAO - Searching for user with firstName = Alex
[DEBUG] 2018-03-24 18:50:51.440 [main] GenericDAO - Searching for user with firstName = Alex
[DEBUG] 2018-03-24 18:52:47.133 [main] GenericDAO - Searching for user with foodName = strawberry
[DEBUG] 2018-03-24 18:52:47.329 [main] GenericDAO - Searching for user with foodName = b
[DEBUG] 2018-03-24 18:52:47.468 [main] GenericDAO - Searching for user with firstName = Alex
[DEBUG] 2018-03-24 18:52:47.486 [main] GenericDAO - Searching for user with firstName = Alex
[DEBUG] 2018-03-24 18:56:23.708 [main] GenericDAO - Searching for user with foodName = strawberry
[DEBUG] 2018-03-24 18:56:23.898 [main] GenericDAO - Searching for user with foodName = b
[DEBUG] 2018-03-24 18:56:24.012 [main] GenericDAO - Searching for user with firstName = Alex
[DEBUG] 2018-03-24 18:56:24.028 [main] GenericDAO - Searching for user with firstName = Alex
[DEBUG] 2018-03-24 18:57:43.610 [main] GenericDAO - Searching for user with foodName = strawberry
[DEBUG] 2018-03-24 18:57:43.805 [main] GenericDAO - Searching for user with foodName = b
[DEBUG] 2018-03-24 18:57:43.917 [main] GenericDAO - Searching for user with firstName = Alex
[DEBUG] 2018-03-24 18:57:43.932 [main] GenericDAO - Searching for user with firstName = Alex
[DEBUG] 2018-03-24 18:59:35.480 [main] GenericDAO - Searching for user with foodName = strawberry
[DEBUG] 2018-03-24 18:59:35.663 [main] GenericDAO - Searching for user with foodName = b
[DEBUG] 2018-03-24 18:59:35.774 [main] GenericDAO - Searching for user with firstName = Alex
[DEBUG] 2018-03-24 18:59:35.787 [main] GenericDAO - Searching for user with firstName = Alex
[DEBUG] 2018-03-24 19:15:42.238 [main] GenericDAO - Searching for user with foodName = strawberry
[DEBUG] 2018-03-24 19:15:42.427 [main] GenericDAO - Searching for user with foodName = b
[DEBUG] 2018-03-24 19:15:42.543 [main] GenericDAO - Searching for user with firstName = Alex
[DEBUG] 2018-03-24 19:15:42.559 [main] GenericDAO - Searching for user with firstName = Alex
[DEBUG] 2018-03-24 19:29:59.744 [main] GenericDAO - Searching for user with foodName = strawberry
[DEBUG] 2018-03-24 19:29:59.964 [main] GenericDAO - Searching for user with foodName = b
[DEBUG] 2018-03-24 19:30:00.072 [main] GenericDAO - Searching for user with firstName = Alex
[DEBUG] 2018-03-24 19:30:00.087 [main] GenericDAO - Searching for user with firstName = Alex
